<?xml version="1.0" encoding="UTF-8"?>
<!-- Generated by org.testng.reporters.JUnitReportReporter -->
<testsuite skipped="0" hostname="DESKTOP-9MISMLV" name="pom.mercury.tours.Headless_Browser" tests="1" failures="0" timestamp="25 Dec 2019 06:29:08 GMT" time="25.704" errors="0">
  <testcase name="PhantomJs" time="25.704" classname="pom.mercury.tours.Headless_Browser"/>
</testsuite> <!-- pom.mercury.tours.Headless_Browser -->
