<?xml version="1.0" encoding="UTF-8"?>
<!-- Generated by org.testng.reporters.JUnitReportReporter -->
<testsuite skipped="0" hostname="DESKTOP-9MISMLV" name="pom.mercury.tours.Round_Trip_Selection_Example" tests="1" failures="0" timestamp="24 Dec 2019 06:07:21 GMT" time="13.127" errors="0">
  <testcase name="Sign_On" time="13.127" classname="pom.mercury.tours.Round_Trip_Selection_Example"/>
</testsuite> <!-- pom.mercury.tours.Round_Trip_Selection_Example -->
