<?xml version="1.0" encoding="UTF-8"?>
<!-- Generated by org.testng.reporters.JUnitReportReporter -->
<testsuite skipped="0" hostname="DESKTOP-9MISMLV" name="pom.mercury.tours.Batch_Execution_Smoke" tests="1" failures="0" timestamp="25 Dec 2019 11:00:22 GMT" time="0.008" errors="0">
  <testcase name="TestSuite" time="0.008" classname="pom.mercury.tours.Batch_Execution_Smoke"/>
</testsuite> <!-- pom.mercury.tours.Batch_Execution_Smoke -->
