<?xml version="1.0" encoding="UTF-8"?>
<!-- Generated by org.testng.reporters.JUnitReportReporter -->
<testsuite skipped="0" hostname="DESKTOP-9MISMLV" name="pom.mercury.tours.Google_Links" tests="1" failures="0" timestamp="25 Dec 2019 05:18:32 GMT" time="40.857" errors="0">
  <testcase name="Sign_On" time="40.857" classname="pom.mercury.tours.Google_Links"/>
</testsuite> <!-- pom.mercury.tours.Google_Links -->
