<?xml version="1.0" encoding="UTF-8"?>
<!-- Generated by org.testng.reporters.JUnitReportReporter -->
<testsuite skipped="0" hostname="DESKTOP-9MISMLV" name="pom.mercury.tours.HDFC_Netbanking" tests="1" failures="0" timestamp="24 Dec 2019 07:34:12 GMT" time="0.264" errors="0">
  <testcase name="Sign_On" time="0.264" classname="pom.mercury.tours.HDFC_Netbanking"/>
</testsuite> <!-- pom.mercury.tours.HDFC_Netbanking -->
