<?xml version="1.0" encoding="UTF-8"?>
<!-- Generated by org.testng.reporters.JUnitReportReporter -->
<testsuite skipped="0" hostname="DESKTOP-9MISMLV" name="pom.mercury.tours.Flight_Login_DataProvider" tests="3" failures="0" timestamp="25 Dec 2019 05:53:23 GMT" time="43.464" errors="0">
  <testcase name="Sign_On" time="15.731" classname="pom.mercury.tours.Flight_Login_DataProvider"/>
  <testcase name="Sign_On" time="11.970" classname="pom.mercury.tours.Flight_Login_DataProvider"/>
  <testcase name="Sign_On" time="15.763" classname="pom.mercury.tours.Flight_Login_DataProvider"/>
</testsuite> <!-- pom.mercury.tours.Flight_Login_DataProvider -->
