<?xml version="1.0" encoding="UTF-8"?>
<!-- Generated by org.testng.reporters.JUnitReportReporter -->
<testsuite skipped="0" hostname="DESKTOP-9MISMLV" name="pom.mercury.tours.Incognito" tests="1" failures="0" timestamp="25 Dec 2019 06:16:29 GMT" time="59.190" errors="0">
  <testcase name="PhantomJs" time="59.190" classname="pom.mercury.tours.Incognito"/>
</testsuite> <!-- pom.mercury.tours.Incognito -->
