<?xml version="1.0" encoding="UTF-8"?>
<!-- Generated by org.testng.reporters.JUnitReportReporter -->
<testsuite skipped="0" hostname="DESKTOP-9MISMLV" name="pom.mercury.tours.Verify_Depart_Page" tests="1" failures="0" timestamp="24 Dec 2019 10:22:45 GMT" time="68.329" errors="0">
  <testcase name="Sign_On" time="68.329" classname="pom.mercury.tours.Verify_Depart_Page"/>
</testsuite> <!-- pom.mercury.tours.Verify_Depart_Page -->
