<?xml version="1.0" encoding="UTF-8"?>
<!-- Generated by org.testng.reporters.JUnitReportReporter -->
<testsuite skipped="0" hostname="DESKTOP-9MISMLV" name="pom.mercury.tours.Following_Preceeding_Example" tests="1" failures="0" timestamp="24 Dec 2019 09:21:31 GMT" time="1.980" errors="0">
  <testcase name="Sign_On" time="1.980" classname="pom.mercury.tours.Following_Preceeding_Example"/>
</testsuite> <!-- pom.mercury.tours.Following_Preceeding_Example -->
