<?xml version="1.0" encoding="UTF-8"?>
<!-- Generated by org.testng.reporters.JUnitReportReporter -->
<testsuite skipped="0" hostname="DESKTOP-9MISMLV" name="pom.mercury.tours.HDFC_Netbanking_Alert_Handling" tests="1" failures="0" timestamp="25 Dec 2019 11:00:22 GMT" time="0.227" errors="0">
  <testcase name="Sign_On" time="0.227" classname="pom.mercury.tours.HDFC_Netbanking_Alert_Handling"/>
</testsuite> <!-- pom.mercury.tours.HDFC_Netbanking_Alert_Handling -->
