<?xml version="1.0" encoding="UTF-8"?>
<!-- Generated by org.testng.reporters.JUnitReportReporter -->
<testsuite skipped="0" hostname="DESKTOP-9MISMLV" name="pom.mercury.tours.UploadFile_Roboclass" tests="1" failures="0" timestamp="26 Dec 2019 08:45:56 GMT" time="16.232" errors="0">
  <testcase name="testUpload" time="16.232" classname="pom.mercury.tours.UploadFile_Roboclass"/>
</testsuite> <!-- pom.mercury.tours.UploadFile_Roboclass -->
