<?xml version="1.0" encoding="UTF-8"?>
<!-- Generated by org.testng.reporters.JUnitReportReporter -->
<testsuite skipped="0" hostname="DESKTOP-9MISMLV" name="pom.mercury.tours.Mercury_Sign_On_TestNG" tests="1" failures="0" timestamp="23 Dec 2019 11:15:00 GMT" time="293.605" errors="0">
  <testcase name="Sign_On" time="293.605" classname="pom.mercury.tours.Mercury_Sign_On_TestNG"/>
</testsuite> <!-- pom.mercury.tours.Mercury_Sign_On_TestNG -->
