<?xml version="1.0" encoding="UTF-8"?>
<!-- Generated by org.testng.reporters.JUnitReportReporter -->
<testsuite skipped="0" hostname="DESKTOP-9MISMLV" name="pom.mercury.tours.CSS_Selector_Example" tests="1" failures="0" timestamp="24 Dec 2019 06:59:17 GMT" time="29.804" errors="0">
  <testcase name="Sign_On" time="29.804" classname="pom.mercury.tours.CSS_Selector_Example"/>
</testsuite> <!-- pom.mercury.tours.CSS_Selector_Example -->
