<?xml version="1.0" encoding="UTF-8"?>
<!-- Generated by org.testng.reporters.JUnitReportReporter -->
<testsuite skipped="0" hostname="DESKTOP-9MISMLV" name="pom.mercury.tours.Radio_Button_Example" tests="1" failures="0" timestamp="24 Dec 2019 06:38:36 GMT" time="29.328" errors="0">
  <testcase name="Sign_On" time="29.328" classname="pom.mercury.tours.Radio_Button_Example"/>
</testsuite> <!-- pom.mercury.tours.Radio_Button_Example -->
