<?xml version="1.0" encoding="UTF-8"?>
<!-- Generated by org.testng.reporters.JUnitReportReporter -->
<testsuite skipped="0" hostname="DESKTOP-9MISMLV" name="pom.mercury.tours.Mouse_Over_Yatra" tests="1" failures="0" timestamp="25 Dec 2019 11:00:22 GMT" time="0.267" errors="0">
  <testcase name="Sign_On" time="0.267" classname="pom.mercury.tours.Mouse_Over_Yatra"/>
</testsuite> <!-- pom.mercury.tours.Mouse_Over_Yatra -->
